This file contains any messages produced by compilers while
running configure, to aid debugging if configure makes a mistake.

It was created by mgiza configure 1.0, which was
generated by GNU Autoconf 2.63.  Invocation command line was

  $ ./configure 

## --------- ##
## Platform. ##
## --------- ##

hostname = fulty4.wipo.int
uname -m = x86_64
uname -r = 2.6.32-279.5.2.el6.x86_64
uname -s = Linux
uname -v = #1 SMP Tue Aug 14 11:36:39 EDT 2012

/usr/bin/uname -p = unknown
/bin/uname -X     = unknown

/bin/arch              = x86_64
/usr/bin/arch -k       = unknown
/usr/convex/getsysinfo = unknown
/usr/bin/hostinfo      = unknown
/bin/machine           = unknown
/usr/bin/oslevel       = unknown
/bin/universe          = unknown

PATH: /usr/lib64/qt-3.3/bin
PATH: /usr/local/bin
PATH: /bin
PATH: /usr/bin
PATH: /usr/local/sbin
PATH: /usr/sbin
PATH: /sbin
PATH: /home/junczys/bin


## ----------- ##
## Core tests. ##
## ----------- ##

configure:1960: checking for a BSD-compatible install
configure:2028: result: /usr/local/bin/install -c
configure:2039: checking whether build environment is sane
configure:2099: result: yes
configure:2240: checking for a thread-safe mkdir -p
configure:2279: result: /usr/local/bin/mkdir -p
configure:2292: checking for gawk
configure:2308: found /bin/gawk
configure:2319: result: gawk
configure:2330: checking whether make sets $(MAKE)
configure:2352: result: yes
configure:2437: checking whether to enable maintainer-specific portions of Makefiles
configure:2446: result: no
configure:2472: checking for style of include used by make
configure:2500: result: GNU
configure:2570: checking for gcc
configure:2586: found /usr/bin/gcc
configure:2597: result: gcc
configure:2829: checking for C compiler version
configure:2837: gcc --version >&5
gcc (GCC) 4.4.6 20120305 (Red Hat 4.4.6-4)
Copyright (C) 2010 Free Software Foundation, Inc.
This is free software; see the source for copying conditions.  There is NO
warranty; not even for MERCHANTABILITY or FITNESS FOR A PARTICULAR PURPOSE.

configure:2841: $? = 0
configure:2848: gcc -v >&5
Using built-in specs.
Target: x86_64-redhat-linux
Configured with: ../configure --prefix=/usr --mandir=/usr/share/man --infodir=/usr/share/info --with-bugurl=http://bugzilla.redhat.com/bugzilla --enable-bootstrap --enable-shared --enable-threads=posix --enable-checking=release --with-system-zlib --enable-__cxa_atexit --disable-libunwind-exceptions --enable-gnu-unique-object --enable-languages=c,c++,objc,obj-c++,java,fortran,ada --enable-java-awt=gtk --disable-dssi --with-java-home=/usr/lib/jvm/java-1.5.0-gcj-1.5.0.0/jre --enable-libgcj-multifile --enable-java-maintainer-mode --with-ecj-jar=/usr/share/java/eclipse-ecj.jar --disable-libjava-multilib --with-ppl --with-cloog --with-tune=generic --with-arch_32=i686 --build=x86_64-redhat-linux
Thread model: posix
gcc version 4.4.6 20120305 (Red Hat 4.4.6-4) (GCC) 
configure:2852: $? = 0
configure:2859: gcc -V >&5
gcc: '-V' option must have argument
configure:2863: $? = 1
configure:2886: checking for C compiler default output file name
configure:2908: gcc    conftest.c  >&5
configure:2912: $? = 0
configure:2950: result: a.out
configure:2969: checking whether the C compiler works
configure:2979: ./a.out
configure:2983: $? = 0
configure:3002: result: yes
configure:3009: checking whether we are cross compiling
configure:3011: result: no
configure:3014: checking for suffix of executables
configure:3021: gcc -o conftest    conftest.c  >&5
configure:3025: $? = 0
configure:3051: result: 
configure:3057: checking for suffix of object files
configure:3083: gcc -c   conftest.c >&5
configure:3087: $? = 0
configure:3112: result: o
configure:3116: checking whether we are using the GNU C compiler
configure:3145: gcc -c   conftest.c >&5
configure:3152: $? = 0
configure:3169: result: yes
configure:3178: checking whether gcc accepts -g
configure:3208: gcc -c -g  conftest.c >&5
configure:3215: $? = 0
configure:3316: result: yes
configure:3333: checking for gcc option to accept ISO C89
configure:3407: gcc  -c -g -O2  conftest.c >&5
configure:3414: $? = 0
configure:3437: result: none needed
configure:3457: checking dependency style of gcc
configure:3567: result: gcc3
configure:3583: checking for library containing strerror
configure:3624: gcc -o conftest -g -O2   conftest.c  >&5
configure:3631: $? = 0
configure:3662: result: none required
configure:3728: checking for g++
configure:3744: found /usr/bin/g++
configure:3755: result: g++
configure:3782: checking for C++ compiler version
configure:3790: g++ --version >&5
g++ (GCC) 4.4.6 20120305 (Red Hat 4.4.6-4)
Copyright (C) 2010 Free Software Foundation, Inc.
This is free software; see the source for copying conditions.  There is NO
warranty; not even for MERCHANTABILITY or FITNESS FOR A PARTICULAR PURPOSE.

configure:3794: $? = 0
configure:3801: g++ -v >&5
Using built-in specs.
Target: x86_64-redhat-linux
Configured with: ../configure --prefix=/usr --mandir=/usr/share/man --infodir=/usr/share/info --with-bugurl=http://bugzilla.redhat.com/bugzilla --enable-bootstrap --enable-shared --enable-threads=posix --enable-checking=release --with-system-zlib --enable-__cxa_atexit --disable-libunwind-exceptions --enable-gnu-unique-object --enable-languages=c,c++,objc,obj-c++,java,fortran,ada --enable-java-awt=gtk --disable-dssi --with-java-home=/usr/lib/jvm/java-1.5.0-gcj-1.5.0.0/jre --enable-libgcj-multifile --enable-java-maintainer-mode --with-ecj-jar=/usr/share/java/eclipse-ecj.jar --disable-libjava-multilib --with-ppl --with-cloog --with-tune=generic --with-arch_32=i686 --build=x86_64-redhat-linux
Thread model: posix
gcc version 4.4.6 20120305 (Red Hat 4.4.6-4) (GCC) 
configure:3805: $? = 0
configure:3812: g++ -V >&5
g++: '-V' option must have argument
configure:3816: $? = 1
configure:3819: checking whether we are using the GNU C++ compiler
configure:3848: g++ -c   conftest.cpp >&5
configure:3855: $? = 0
configure:3872: result: yes
configure:3881: checking whether g++ accepts -g
configure:3911: g++ -c -g  conftest.cpp >&5
configure:3918: $? = 0
configure:4019: result: yes
configure:4044: checking dependency style of g++
configure:4154: result: gcc3
configure:4217: checking for gcc
configure:4244: result: gcc
configure:4476: checking for C compiler version
configure:4484: gcc --version >&5
gcc (GCC) 4.4.6 20120305 (Red Hat 4.4.6-4)
Copyright (C) 2010 Free Software Foundation, Inc.
This is free software; see the source for copying conditions.  There is NO
warranty; not even for MERCHANTABILITY or FITNESS FOR A PARTICULAR PURPOSE.

configure:4488: $? = 0
configure:4495: gcc -v >&5
Using built-in specs.
Target: x86_64-redhat-linux
Configured with: ../configure --prefix=/usr --mandir=/usr/share/man --infodir=/usr/share/info --with-bugurl=http://bugzilla.redhat.com/bugzilla --enable-bootstrap --enable-shared --enable-threads=posix --enable-checking=release --with-system-zlib --enable-__cxa_atexit --disable-libunwind-exceptions --enable-gnu-unique-object --enable-languages=c,c++,objc,obj-c++,java,fortran,ada --enable-java-awt=gtk --disable-dssi --with-java-home=/usr/lib/jvm/java-1.5.0-gcj-1.5.0.0/jre --enable-libgcj-multifile --enable-java-maintainer-mode --with-ecj-jar=/usr/share/java/eclipse-ecj.jar --disable-libjava-multilib --with-ppl --with-cloog --with-tune=generic --with-arch_32=i686 --build=x86_64-redhat-linux
Thread model: posix
gcc version 4.4.6 20120305 (Red Hat 4.4.6-4) (GCC) 
configure:4499: $? = 0
configure:4506: gcc -V >&5
gcc: '-V' option must have argument
configure:4510: $? = 1
configure:4513: checking whether we are using the GNU C compiler
configure:4566: result: yes
configure:4575: checking whether gcc accepts -g
configure:4713: result: yes
configure:4730: checking for gcc option to accept ISO C89
configure:4834: result: none needed
configure:4854: checking dependency style of gcc
configure:4964: result: gcc3
configure:4987: checking how to run the C preprocessor
configure:5027: gcc -E  conftest.c
configure:5034: $? = 0
configure:5065: gcc -E  conftest.c
conftest.c:10:28: error: ac_nonexistent.h: No such file or directory
configure:5072: $? = 1
configure: failed program was:
| /* confdefs.h.  */
| #define PACKAGE_NAME "mgiza"
| #define PACKAGE_TARNAME "mgiza"
| #define PACKAGE_VERSION "1.0"
| #define PACKAGE_STRING "mgiza 1.0"
| #define PACKAGE_BUGREPORT ""
| #define PACKAGE "mgiza"
| #define VERSION "1.0"
| /* end confdefs.h.  */
| #include <ac_nonexistent.h>
configure:5105: result: gcc -E
configure:5134: gcc -E  conftest.c
configure:5141: $? = 0
configure:5172: gcc -E  conftest.c
conftest.c:10:28: error: ac_nonexistent.h: No such file or directory
configure:5179: $? = 1
configure: failed program was:
| /* confdefs.h.  */
| #define PACKAGE_NAME "mgiza"
| #define PACKAGE_TARNAME "mgiza"
| #define PACKAGE_VERSION "1.0"
| #define PACKAGE_STRING "mgiza 1.0"
| #define PACKAGE_BUGREPORT ""
| #define PACKAGE "mgiza"
| #define VERSION "1.0"
| /* end confdefs.h.  */
| #include <ac_nonexistent.h>
configure:5219: checking for grep that handles long lines and -e
configure:5279: result: /bin/grep
configure:5284: checking for egrep
configure:5348: result: /bin/grep -E
configure:5353: checking for ANSI C header files
configure:5383: gcc -c -g -O2  conftest.c >&5
configure:5390: $? = 0
configure:5489: gcc -o conftest -g -O2   conftest.c  >&5
configure:5493: $? = 0
configure:5499: ./conftest
configure:5503: $? = 0
configure:5521: result: yes
configure:5577: checking for ranlib
configure:5593: found /usr/bin/ranlib
configure:5604: result: ranlib
configure:5657: checking build system type
configure:5675: result: x86_64-unknown-linux-gnu
configure:5697: checking host system type
configure:5712: result: x86_64-unknown-linux-gnu
configure:5755: checking how to print strings
configure:5782: result: printf
configure:5803: checking for a sed that does not truncate output
configure:5869: result: /bin/sed
configure:5887: checking for fgrep
configure:5951: result: /bin/grep -F
configure:5986: checking for ld used by gcc
configure:6053: result: /usr/bin/ld
configure:6062: checking if the linker (/usr/bin/ld) is GNU ld
configure:6077: result: yes
configure:6089: checking for BSD- or MS-compatible name lister (nm)
configure:6138: result: /usr/bin/nm -B
configure:6268: checking the name lister (/usr/bin/nm -B) interface
configure:6275: gcc -c -g -O2  conftest.c >&5
configure:6278: /usr/bin/nm -B "conftest.o"
configure:6281: output
0000000000000000 B some_variable
configure:6288: result: BSD nm
configure:6291: checking whether ln -s works
configure:6295: result: yes
configure:6303: checking the maximum length of command line arguments
configure:6428: result: 1966080
configure:6445: checking whether the shell understands some XSI constructs
configure:6455: result: yes
configure:6459: checking whether the shell understands "+="
configure:6465: result: yes
configure:6500: checking how to convert x86_64-unknown-linux-gnu file names to x86_64-unknown-linux-gnu format
configure:6540: result: func_convert_file_noop
configure:6547: checking how to convert x86_64-unknown-linux-gnu file names to toolchain format
configure:6567: result: func_convert_file_noop
configure:6574: checking for /usr/bin/ld option to reload object files
configure:6581: result: -r
configure:6655: checking for objdump
configure:6671: found /usr/bin/objdump
configure:6682: result: objdump
configure:6714: checking how to recognize dependent libraries
configure:6916: result: pass_all
configure:7001: checking for dlltool
configure:7031: result: no
configure:7061: checking how to associate runtime and link libraries
configure:7088: result: printf %s\n
configure:7148: checking for ar
configure:7164: found /usr/bin/ar
configure:7175: result: ar
configure:7212: checking for archiver @FILE support
configure:7239: gcc -c -g -O2  conftest.c >&5
configure:7246: $? = 0
configure:7253: ar cru libconftest.a @conftest.lst >&5
configure:7256: $? = 0
configure:7261: ar cru libconftest.a @conftest.lst >&5
ar: conftest.o: No such file or directory
configure:7264: $? = 1
configure:7282: result: @
configure:7340: checking for strip
configure:7356: found /usr/bin/strip
configure:7367: result: strip
configure:7439: checking for ranlib
configure:7466: result: ranlib
configure:7568: checking command to parse /usr/bin/nm -B output from gcc object
configure:7687: gcc -c -g -O2  conftest.c >&5
configure:7690: $? = 0
configure:7694: /usr/bin/nm -B conftest.o \| sed -n -e 's/^.*[ ]\([ABCDGIRSTW][ABCDGIRSTW]*\)[ ][ ]*\([_A-Za-z][_A-Za-z0-9]*\)$/\1 \2 \2/p' | sed '/ __gnu_lto/d' \> conftest.nm
configure:7697: $? = 0
configure:7763: gcc -o conftest -g -O2   conftest.c conftstm.o >&5
configure:7766: $? = 0
configure:7804: result: ok
configure:7841: checking for sysroot
configure:7873: result: no
configure:7950: gcc -c -g -O2  conftest.c >&5
configure:7953: $? = 0
configure:8145: checking for mt
configure:8175: result: no
configure:8195: checking if : is a manifest tool
configure:8201: : '-?'
configure:8209: result: no
configure:8879: checking for sys/types.h
configure:8900: gcc -c -g -O2  conftest.c >&5
configure:8907: $? = 0
configure:8924: result: yes
configure:8879: checking for sys/stat.h
configure:8900: gcc -c -g -O2  conftest.c >&5
configure:8907: $? = 0
configure:8924: result: yes
configure:8879: checking for stdlib.h
configure:8900: gcc -c -g -O2  conftest.c >&5
configure:8907: $? = 0
configure:8924: result: yes
configure:8879: checking for string.h
configure:8900: gcc -c -g -O2  conftest.c >&5
configure:8907: $? = 0
configure:8924: result: yes
configure:8879: checking for memory.h
configure:8900: gcc -c -g -O2  conftest.c >&5
configure:8907: $? = 0
configure:8924: result: yes
configure:8879: checking for strings.h
configure:8900: gcc -c -g -O2  conftest.c >&5
configure:8907: $? = 0
configure:8924: result: yes
configure:8879: checking for inttypes.h
configure:8900: gcc -c -g -O2  conftest.c >&5
configure:8907: $? = 0
configure:8924: result: yes
configure:8879: checking for stdint.h
configure:8900: gcc -c -g -O2  conftest.c >&5
configure:8907: $? = 0
configure:8924: result: yes
configure:8879: checking for unistd.h
configure:8900: gcc -c -g -O2  conftest.c >&5
configure:8907: $? = 0
configure:8924: result: yes
configure:8942: checking for dlfcn.h
configure:8963: gcc -c -g -O2  conftest.c >&5
configure:8970: $? = 0
configure:8987: result: yes
configure:9187: checking for objdir
configure:9202: result: .libs
configure:9469: checking if gcc supports -fno-rtti -fno-exceptions
configure:9487: gcc -c -g -O2  -fno-rtti -fno-exceptions conftest.c >&5
cc1: warning: command line option "-fno-rtti" is valid for C++/ObjC++ but not for C
configure:9491: $? = 0
configure:9504: result: no
configure:9814: checking for gcc option to produce PIC
configure:9821: result: -fPIC -DPIC
configure:9829: checking if gcc PIC flag -fPIC -DPIC works
configure:9847: gcc -c -g -O2  -fPIC -DPIC -DPIC conftest.c >&5
configure:9851: $? = 0
configure:9864: result: yes
configure:9893: checking if gcc static flag -static works
configure:9921: result: no
configure:9936: checking if gcc supports -c -o file.o
configure:9957: gcc -c -g -O2  -o out/conftest2.o conftest.c >&5
configure:9961: $? = 0
configure:9983: result: yes
configure:9991: checking if gcc supports -c -o file.o
configure:10038: result: yes
configure:10071: checking whether the gcc linker (/usr/bin/ld -m elf_x86_64) supports shared libraries
configure:11320: result: yes
configure:11357: checking whether -lc should be explicitly linked in
configure:11365: gcc -c -g -O2  conftest.c >&5
configure:11368: $? = 0
configure:11383: gcc -shared  -fPIC -DPIC conftest.o  -v -Wl,-soname -Wl,conftest -o conftest 2\>\&1 \| /bin/grep  -lc  \>/dev/null 2\>\&1
configure:11386: $? = 0
configure:11400: result: no
configure:11565: checking dynamic linker characteristics
configure:12089: gcc -o conftest -g -O2   -Wl,-rpath -Wl,/foo conftest.c  >&5
configure:12096: $? = 0
configure:12333: result: GNU/Linux ld.so
configure:12440: checking how to hardcode library paths into programs
configure:12465: result: immediate
configure:13318: checking whether stripping libraries is possible
configure:13323: result: yes
configure:13358: checking if libtool supports shared libraries
configure:13360: result: yes
configure:13363: checking whether to build shared libraries
configure:13384: result: yes
configure:13387: checking whether to build static libraries
configure:13391: result: yes
configure:13414: checking how to run the C++ preprocessor
configure:13450: g++ -E  conftest.cpp
configure:13457: $? = 0
configure:13488: g++ -E  conftest.cpp
conftest.cpp:22:28: error: ac_nonexistent.h: No such file or directory
configure:13495: $? = 1
configure: failed program was:
| /* confdefs.h.  */
| #define PACKAGE_NAME "mgiza"
| #define PACKAGE_TARNAME "mgiza"
| #define PACKAGE_VERSION "1.0"
| #define PACKAGE_STRING "mgiza 1.0"
| #define PACKAGE_BUGREPORT ""
| #define PACKAGE "mgiza"
| #define VERSION "1.0"
| #define STDC_HEADERS 1
| #define HAVE_SYS_TYPES_H 1
| #define HAVE_SYS_STAT_H 1
| #define HAVE_STDLIB_H 1
| #define HAVE_STRING_H 1
| #define HAVE_MEMORY_H 1
| #define HAVE_STRINGS_H 1
| #define HAVE_INTTYPES_H 1
| #define HAVE_STDINT_H 1
| #define HAVE_UNISTD_H 1
| #define HAVE_DLFCN_H 1
| #define LT_OBJDIR ".libs/"
| /* end confdefs.h.  */
| #include <ac_nonexistent.h>
configure:13528: result: g++ -E
configure:13557: g++ -E  conftest.cpp
configure:13564: $? = 0
configure:13595: g++ -E  conftest.cpp
conftest.cpp:22:28: error: ac_nonexistent.h: No such file or directory
configure:13602: $? = 1
configure: failed program was:
| /* confdefs.h.  */
| #define PACKAGE_NAME "mgiza"
| #define PACKAGE_TARNAME "mgiza"
| #define PACKAGE_VERSION "1.0"
| #define PACKAGE_STRING "mgiza 1.0"
| #define PACKAGE_BUGREPORT ""
| #define PACKAGE "mgiza"
| #define VERSION "1.0"
| #define STDC_HEADERS 1
| #define HAVE_SYS_TYPES_H 1
| #define HAVE_SYS_STAT_H 1
| #define HAVE_STDLIB_H 1
| #define HAVE_STRING_H 1
| #define HAVE_MEMORY_H 1
| #define HAVE_STRINGS_H 1
| #define HAVE_INTTYPES_H 1
| #define HAVE_STDINT_H 1
| #define HAVE_UNISTD_H 1
| #define HAVE_DLFCN_H 1
| #define LT_OBJDIR ".libs/"
| /* end confdefs.h.  */
| #include <ac_nonexistent.h>
configure:13783: checking for ld used by g++
configure:13850: result: /usr/bin/ld -m elf_x86_64
configure:13859: checking if the linker (/usr/bin/ld -m elf_x86_64) is GNU ld
configure:13874: result: yes
configure:13929: checking whether the g++ linker (/usr/bin/ld -m elf_x86_64) supports shared libraries
configure:14995: result: yes
configure:15030: g++ -c -g -O2  conftest.cpp >&5
configure:15033: $? = 0
configure:15553: checking for g++ option to produce PIC
configure:15560: result: -fPIC -DPIC
configure:15568: checking if g++ PIC flag -fPIC -DPIC works
configure:15586: g++ -c -g -O2  -fPIC -DPIC -DPIC conftest.cpp >&5
configure:15590: $? = 0
configure:15603: result: yes
configure:15626: checking if g++ static flag -static works
configure:15654: result: no
configure:15666: checking if g++ supports -c -o file.o
configure:15687: g++ -c -g -O2  -o out/conftest2.o conftest.cpp >&5
configure:15691: $? = 0
configure:15713: result: yes
configure:15718: checking if g++ supports -c -o file.o
configure:15765: result: yes
configure:15795: checking whether the g++ linker (/usr/bin/ld -m elf_x86_64) supports shared libraries
configure:15829: result: yes
configure:15972: checking dynamic linker characteristics
configure:16674: result: GNU/Linux ld.so
configure:16727: checking how to hardcode library paths into programs
configure:16752: result: immediate
configure:16963: creating ./config.status

## ---------------------- ##
## Running config.status. ##
## ---------------------- ##

This file was extended by mgiza config.status 1.0, which was
generated by GNU Autoconf 2.63.  Invocation command line was

  CONFIG_FILES    = 
  CONFIG_HEADERS  = 
  CONFIG_LINKS    = 
  CONFIG_COMMANDS = 
  $ ./config.status 

on fulty4.wipo.int

config.status:1067: creating Makefile
config.status:1067: creating src/Makefile
config.status:1067: creating config.h
config.status:1289: config.h is unchanged
config.status:1341: executing depfiles commands
config.status:1341: executing libtool commands

## ---------------- ##
## Cache variables. ##
## ---------------- ##

ac_cv_build=x86_64-unknown-linux-gnu
ac_cv_c_compiler_gnu=yes
ac_cv_cxx_compiler_gnu=yes
ac_cv_env_CCC_set=
ac_cv_env_CCC_value=
ac_cv_env_CC_set=
ac_cv_env_CC_value=
ac_cv_env_CFLAGS_set=
ac_cv_env_CFLAGS_value=
ac_cv_env_CPPFLAGS_set=
ac_cv_env_CPPFLAGS_value=
ac_cv_env_CPP_set=
ac_cv_env_CPP_value=
ac_cv_env_CXXCPP_set=
ac_cv_env_CXXCPP_value=
ac_cv_env_CXXFLAGS_set=
ac_cv_env_CXXFLAGS_value=
ac_cv_env_CXX_set=
ac_cv_env_CXX_value=
ac_cv_env_LDFLAGS_set=
ac_cv_env_LDFLAGS_value=
ac_cv_env_LIBS_set=
ac_cv_env_LIBS_value=
ac_cv_env_build_alias_set=
ac_cv_env_build_alias_value=
ac_cv_env_host_alias_set=
ac_cv_env_host_alias_value=
ac_cv_env_target_alias_set=
ac_cv_env_target_alias_value=
ac_cv_header_dlfcn_h=yes
ac_cv_header_inttypes_h=yes
ac_cv_header_memory_h=yes
ac_cv_header_stdc=yes
ac_cv_header_stdint_h=yes
ac_cv_header_stdlib_h=yes
ac_cv_header_string_h=yes
ac_cv_header_strings_h=yes
ac_cv_header_sys_stat_h=yes
ac_cv_header_sys_types_h=yes
ac_cv_header_unistd_h=yes
ac_cv_host=x86_64-unknown-linux-gnu
ac_cv_objext=o
ac_cv_path_EGREP='/bin/grep -E'
ac_cv_path_FGREP='/bin/grep -F'
ac_cv_path_GREP=/bin/grep
ac_cv_path_SED=/bin/sed
ac_cv_path_install='/usr/local/bin/install -c'
ac_cv_path_mkdir=/usr/local/bin/mkdir
ac_cv_prog_AWK=gawk
ac_cv_prog_CPP='gcc -E'
ac_cv_prog_CXXCPP='g++ -E'
ac_cv_prog_ac_ct_AR=ar
ac_cv_prog_ac_ct_CC=gcc
ac_cv_prog_ac_ct_CXX=g++
ac_cv_prog_ac_ct_OBJDUMP=objdump
ac_cv_prog_ac_ct_RANLIB=ranlib
ac_cv_prog_ac_ct_STRIP=strip
ac_cv_prog_cc_c89=
ac_cv_prog_cc_g=yes
ac_cv_prog_cxx_g=yes
ac_cv_prog_make_make_set=yes
ac_cv_search_strerror='none required'
am_cv_CC_dependencies_compiler_type=gcc3
am_cv_CXX_dependencies_compiler_type=gcc3
am_cv_prog_cc_stdc=
lt_cv_ar_at_file=@
lt_cv_archive_cmds_need_lc=no
lt_cv_deplibs_check_method=pass_all
lt_cv_file_magic_cmd='$MAGIC_CMD'
lt_cv_file_magic_test_file=
lt_cv_ld_reload_flag=-r
lt_cv_nm_interface='BSD nm'
lt_cv_objdir=.libs
lt_cv_path_LD=/usr/bin/ld
lt_cv_path_LDCXX='/usr/bin/ld -m elf_x86_64'
lt_cv_path_NM='/usr/bin/nm -B'
lt_cv_path_mainfest_tool=no
lt_cv_prog_compiler_c_o=yes
lt_cv_prog_compiler_c_o_CXX=yes
lt_cv_prog_compiler_pic='-fPIC -DPIC'
lt_cv_prog_compiler_pic_CXX='-fPIC -DPIC'
lt_cv_prog_compiler_pic_works=yes
lt_cv_prog_compiler_pic_works_CXX=yes
lt_cv_prog_compiler_rtti_exceptions=no
lt_cv_prog_compiler_static_works=no
lt_cv_prog_compiler_static_works_CXX=no
lt_cv_prog_gnu_ld=yes
lt_cv_prog_gnu_ldcxx=yes
lt_cv_sharedlib_from_linklib_cmd='printf %s\n'
lt_cv_shlibpath_overrides_runpath=no
lt_cv_sys_global_symbol_pipe='sed -n -e '\''s/^.*[	 ]\([ABCDGIRSTW][ABCDGIRSTW]*\)[	 ][	 ]*\([_A-Za-z][_A-Za-z0-9]*\)$/\1 \2 \2/p'\'' | sed '\''/ __gnu_lto/d'\'''
lt_cv_sys_global_symbol_to_c_name_address='sed -n -e '\''s/^: \([^ ]*\)[ ]*$/  {\"\1\", (void *) 0},/p'\'' -e '\''s/^[ABCDGIRSTW]* \([^ ]*\) \([^ ]*\)$/  {"\2", (void *) \&\2},/p'\'''
lt_cv_sys_global_symbol_to_c_name_address_lib_prefix='sed -n -e '\''s/^: \([^ ]*\)[ ]*$/  {\"\1\", (void *) 0},/p'\'' -e '\''s/^[ABCDGIRSTW]* \([^ ]*\) \(lib[^ ]*\)$/  {"\2", (void *) \&\2},/p'\'' -e '\''s/^[ABCDGIRSTW]* \([^ ]*\) \([^ ]*\)$/  {"lib\2", (void *) \&\2},/p'\'''
lt_cv_sys_global_symbol_to_cdecl='sed -n -e '\''s/^T .* \(.*\)$/extern int \1();/p'\'' -e '\''s/^[ABCDGIRSTW]* .* \(.*\)$/extern char \1;/p'\'''
lt_cv_sys_max_cmd_len=1966080
lt_cv_to_host_file_cmd=func_convert_file_noop
lt_cv_to_tool_file_cmd=func_convert_file_noop

## ----------------- ##
## Output variables. ##
## ----------------- ##

ACLOCAL='${SHELL} /home/junczys/forcealign/missing --run aclocal-1.11'
AMDEPBACKSLASH='\'
AMDEP_FALSE='#'
AMDEP_TRUE=''
AMTAR='${SHELL} /home/junczys/forcealign/missing --run tar'
AR='ar'
AUTOCONF='${SHELL} /home/junczys/forcealign/missing --run autoconf'
AUTOHEADER='${SHELL} /home/junczys/forcealign/missing --run autoheader'
AUTOMAKE='${SHELL} /home/junczys/forcealign/missing --run automake-1.11'
AWK='gawk'
CC='gcc'
CCDEPMODE='depmode=gcc3'
CFLAGS='-g -O2'
CPP='gcc -E'
CPPFLAGS=''
CXX='g++'
CXXCPP='g++ -E'
CXXDEPMODE='depmode=gcc3'
CXXFLAGS='-g -O2'
CYGPATH_W='echo'
DEFS='-DHAVE_CONFIG_H'
DEPDIR='.deps'
DLLTOOL='false'
DSYMUTIL=''
DUMPBIN=''
ECHO_C=''
ECHO_N='-n'
ECHO_T=''
EGREP='/bin/grep -E'
EXEEXT=''
FGREP='/bin/grep -F'
GREP='/bin/grep'
INSTALL_DATA='${INSTALL} -m 644'
INSTALL_PROGRAM='${INSTALL}'
INSTALL_SCRIPT='${INSTALL}'
INSTALL_STRIP_PROGRAM='$(install_sh) -c -s'
LD='/usr/bin/ld -m elf_x86_64'
LDFLAGS=''
LIBOBJS=''
LIBS=''
LIBTOOL='$(SHELL) $(top_builddir)/libtool'
LIPO=''
LN_S='ln -s'
LTLIBOBJS=''
MAINT='#'
MAINTAINER_MODE_FALSE=''
MAINTAINER_MODE_TRUE='#'
MAKEINFO='${SHELL} /home/junczys/forcealign/missing --run makeinfo'
MANIFEST_TOOL=':'
MKDIR_P='/usr/local/bin/mkdir -p'
NM='/usr/bin/nm -B'
NMEDIT=''
OBJDUMP='objdump'
OBJEXT='o'
OTOOL64=''
OTOOL=''
PACKAGE='mgiza'
PACKAGE_BUGREPORT=''
PACKAGE_NAME='mgiza'
PACKAGE_STRING='mgiza 1.0'
PACKAGE_TARNAME='mgiza'
PACKAGE_VERSION='1.0'
PATH_SEPARATOR=':'
RANLIB='ranlib'
SED='/bin/sed'
SET_MAKE=''
SHELL='/bin/sh'
STRIP='strip'
VERSION='1.0'
ac_ct_AR='ar'
ac_ct_CC='gcc'
ac_ct_CXX='g++'
ac_ct_DUMPBIN=''
am__EXEEXT_FALSE=''
am__EXEEXT_TRUE='#'
am__fastdepCC_FALSE='#'
am__fastdepCC_TRUE=''
am__fastdepCXX_FALSE='#'
am__fastdepCXX_TRUE=''
am__include='include'
am__isrc=''
am__leading_dot='.'
am__quote=''
am__tar='${AMTAR} chof - "$$tardir"'
am__untar='${AMTAR} xf -'
bindir='${exec_prefix}/bin'
build='x86_64-unknown-linux-gnu'
build_alias=''
build_cpu='x86_64'
build_os='linux-gnu'
build_vendor='unknown'
datadir='${datarootdir}'
datarootdir='${prefix}/share'
docdir='${datarootdir}/doc/${PACKAGE_TARNAME}'
dvidir='${docdir}'
exec_prefix='${prefix}'
host='x86_64-unknown-linux-gnu'
host_alias=''
host_cpu='x86_64'
host_os='linux-gnu'
host_vendor='unknown'
htmldir='${docdir}'
includedir='${prefix}/include'
infodir='${datarootdir}/info'
install_sh='${SHELL} /home/junczys/forcealign/install-sh'
libdir='${exec_prefix}/lib'
libexecdir='${exec_prefix}/libexec'
localedir='${datarootdir}/locale'
localstatedir='${prefix}/var'
mandir='${datarootdir}/man'
mkdir_p='/usr/local/bin/mkdir -p'
oldincludedir='/usr/include'
pdfdir='${docdir}'
prefix='/usr/local'
program_transform_name='s,x,x,'
psdir='${docdir}'
sbindir='${exec_prefix}/sbin'
sharedstatedir='${prefix}/com'
sysconfdir='${prefix}/etc'
target_alias=''

## ----------- ##
## confdefs.h. ##
## ----------- ##

#define PACKAGE_NAME "mgiza"
#define PACKAGE_TARNAME "mgiza"
#define PACKAGE_VERSION "1.0"
#define PACKAGE_STRING "mgiza 1.0"
#define PACKAGE_BUGREPORT ""
#define PACKAGE "mgiza"
#define VERSION "1.0"
#define STDC_HEADERS 1
#define HAVE_SYS_TYPES_H 1
#define HAVE_SYS_STAT_H 1
#define HAVE_STDLIB_H 1
#define HAVE_STRING_H 1
#define HAVE_MEMORY_H 1
#define HAVE_STRINGS_H 1
#define HAVE_INTTYPES_H 1
#define HAVE_STDINT_H 1
#define HAVE_UNISTD_H 1
#define HAVE_DLFCN_H 1
#define LT_OBJDIR ".libs/"

configure: exit 0
